<?xml version="1.0" encoding="utf-8"?><testsuites><testsuite name="pytest" errors="0" failures="0" skipped="0" tests="13" time="31.071" timestamp="2024-07-03T17:40:34.870090" hostname="DESKTOP-EQR9C0M"><testcase classname="tests.test_Login.TestLogin" name="test_login_with_valid_credentials" time="5.543" /><testcase classname="tests.test_Login.TestLogin" name="test_login_with_invalid_email_and_valid_password" time="0.973" /><testcase classname="tests.test_Login.TestLogin" name="test_login_with_valid_email_and_invalid_password" time="0.922" /><testcase classname="tests.test_Login.TestLogin" name="test_login_without_entering_email" time="0.842" /><testcase classname="tests.test_Login.TestLogin" name="test_login_without_entering_password" time="0.776" /><testcase classname="tests.test_Login.TestLogin" name="test_login_without_entering_email_and_password" time="2.981" /><testcase classname="tests.test_Register.TestRegister" name="test_register_with_mandatory_field" time="5.590" /><testcase classname="tests.test_Register.TestRegister" name="test_register_with_all_field" time="2.023" /><testcase classname="tests.test_Register.TestRegister" name="test_register_with_existing_email" time="1.365" /><testcase classname="tests.test_Register.TestRegister" name="test_register_without_any_input" time="3.357" /><testcase classname="tests.test_Search_Product.TestSearchProduct" name="test_search_for_a_valid_product" time="3.684" /><testcase classname="tests.test_Search_Product.TestSearchProduct" name="test_search_for_a_invalid_product" time="0.397" /><testcase classname="tests.test_Search_Product.TestSearchProduct" name="test_search_without_entering_any_product" time="2.541" /></testsuite></testsuites>